54/05/05/20/2020 06:54:09 AM: INFO: ********** Test_003_AddCustomer
54/05/05/20/2020 06:54:16 AM: INFO: ****** Login successful *********
54/05/05/20/2020 06:54:16 AM: INFO: ************* Starting Add Customer test *************
54/05/05/20/2020 06:54:27 AM: INFO: ************* Providing customer info *********
54/05/05/20/2020 06:54:40 AM: INFO: *********** Saving customer info ***********
54/05/05/20/2020 06:54:40 AM: INFO: *********** Add customer validation started ***********
54/05/05/20/2020 06:54:42 AM: INFO: *********** Add customer Test Passed  ***********
54/05/05/20/2020 06:54:44 AM: INFO: *********** Ending Add customer test ***********
56/05/05/20/2020 06:56:20 AM: INFO: ********** Test_003_AddCustomer
56/05/05/20/2020 06:56:30 AM: INFO: ****** Login successful *********
56/05/05/20/2020 06:56:30 AM: INFO: ************* Starting Add Customer test *************
56/05/05/20/2020 06:56:34 AM: INFO: ************* Providing customer info *********
56/05/05/20/2020 06:56:47 AM: INFO: *********** Saving customer info ***********
56/05/05/20/2020 06:56:47 AM: INFO: *********** Add customer validation started ***********
56/05/05/20/2020 06:56:48 AM: INFO: *********** Add customer Test Passed  ***********
56/05/05/20/2020 06:56:52 AM: INFO: *********** Ending Add customer test ***********
52/05/06/20/2020 11:52:31 PM: INFO: ************ SearchCustomerByEmail_004 ********** 
52/05/06/20/2020 11:52:41 PM: INFO: ************ Login successful ********** 
52/05/06/20/2020 11:52:41 PM: INFO: ************ Starting Search Customer By Email ********** 
52/05/06/20/2020 11:52:43 PM: INFO: ************ searching customer by emailID ********** 
54/05/06/20/2020 11:54:28 PM: INFO: ************ SearchCustomerByEmail_004 ********** 
54/05/06/20/2020 11:54:38 PM: INFO: ************ Login successful ********** 
54/05/06/20/2020 11:54:38 PM: INFO: ************ Starting Search Customer By Email ********** 
54/05/06/20/2020 11:54:40 PM: INFO: ************ searching customer by emailID ********** 
54/05/06/20/2020 11:54:46 PM: INFO: ************* TC_SearchCustomerByEmail_004 Finished ************
01/05/07/20/2020 12:01:06 AM: INFO: ************ SearchCustomerByEmail_004 ********** 
01/05/07/20/2020 12:01:16 AM: INFO: ************ Login successful ********** 
01/05/07/20/2020 12:01:16 AM: INFO: ************ Starting Search Customer By Email ********** 
01/05/07/20/2020 12:01:20 AM: INFO: ************ searching customer by emailID ********** 
01/05/07/20/2020 12:01:26 AM: INFO: ************* TC_SearchCustomerByEmail_004 Finished ************
10/05/07/20/2020 12:10:02 AM: INFO: ************ SearchCustomerByName_005 ********** 
10/05/07/20/2020 12:10:13 AM: INFO: ************ Login successful ********** 
10/05/07/20/2020 12:10:13 AM: INFO: ************ Starting Search Customer By Name ********** 
10/05/07/20/2020 12:10:14 AM: INFO: ************ searching customer by Name ********** 
10/05/07/20/2020 12:10:20 AM: INFO: ************* TC_SearchCustomerByName_005 Finished ************
11/05/07/20/2020 12:11:13 AM: INFO: ************ SearchCustomerByName_005 ********** 
11/05/07/20/2020 12:11:22 AM: INFO: ************ Login successful ********** 
11/05/07/20/2020 12:11:22 AM: INFO: ************ Starting Search Customer By Name ********** 
11/05/07/20/2020 12:11:29 AM: INFO: ************ searching customer by Name ********** 
11/05/07/20/2020 12:11:35 AM: INFO: ************* TC_SearchCustomerByName_005 Finished ************
14/05/07/20/2020 12:14:48 AM: INFO: ************ SearchCustomerByName_005 ********** 
14/05/07/20/2020 12:14:57 AM: INFO: ************ Login successful ********** 
14/05/07/20/2020 12:14:57 AM: INFO: ************ Starting Search Customer By Name ********** 
15/05/07/20/2020 12:15:05 AM: INFO: ************ searching customer by Name ********** 
17/05/07/20/2020 12:17:52 AM: INFO: ************ SearchCustomerByName_005 ********** 
18/05/07/20/2020 12:18:01 AM: INFO: ************ Login successful ********** 
18/05/07/20/2020 12:18:01 AM: INFO: ************ Starting Search Customer By Name ********** 
18/05/07/20/2020 12:18:09 AM: INFO: ************ searching customer by Name ********** 
18/05/07/20/2020 12:18:15 AM: INFO: ************* TC_SearchCustomerByName_005 Finished ************
18/05/07/20/2020 12:18:53 AM: INFO: ************ SearchCustomerByName_005 ********** 
19/05/07/20/2020 12:19:02 AM: INFO: ************ Login successful ********** 
19/05/07/20/2020 12:19:02 AM: INFO: ************ Starting Search Customer By Name ********** 
19/05/07/20/2020 12:19:09 AM: INFO: ************ searching customer by Name ********** 
21/05/07/20/2020 12:21:01 AM: INFO: ************ SearchCustomerByName_005 ********** 
21/05/07/20/2020 12:21:10 AM: INFO: ************ Login successful ********** 
21/05/07/20/2020 12:21:10 AM: INFO: ************ Starting Search Customer By Name ********** 
21/05/07/20/2020 12:21:17 AM: INFO: ************ searching customer by Name ********** 
22/05/07/20/2020 12:22:15 AM: INFO: ************ SearchCustomerByName_005 ********** 
22/05/07/20/2020 12:22:23 AM: INFO: ************ Login successful ********** 
22/05/07/20/2020 12:22:23 AM: INFO: ************ Starting Search Customer By Name ********** 
22/05/07/20/2020 12:22:31 AM: INFO: ************ searching customer by Name ********** 
22/05/07/20/2020 12:22:37 AM: INFO: ************* TC_SearchCustomerByName_005 Finished ************
23/05/07/20/2020 12:23:14 AM: INFO: ************ SearchCustomerByName_005 ********** 
23/05/07/20/2020 12:23:24 AM: INFO: ************ Login successful ********** 
23/05/07/20/2020 12:23:24 AM: INFO: ************ Starting Search Customer By Name ********** 
23/05/07/20/2020 12:23:31 AM: INFO: ************ searching customer by Name ********** 
23/05/07/20/2020 12:23:37 AM: INFO: ************* TC_SearchCustomerByName_005 Finished ************
23/05/07/20/2020 12:23:59 AM: INFO: ************ SearchCustomerByName_005 ********** 
24/05/07/20/2020 12:24:09 AM: INFO: ************ Login successful ********** 
24/05/07/20/2020 12:24:09 AM: INFO: ************ Starting Search Customer By Name ********** 
24/05/07/20/2020 12:24:15 AM: INFO: ************ searching customer by Name ********** 
26/05/07/20/2020 12:26:29 AM: INFO: ************ SearchCustomerByName_005 ********** 
26/05/07/20/2020 12:26:38 AM: INFO: ************ Login successful ********** 
26/05/07/20/2020 12:26:38 AM: INFO: ************ Starting Search Customer By Name ********** 
26/05/07/20/2020 12:26:45 AM: INFO: ************ searching customer by Name ********** 
26/05/07/20/2020 12:26:51 AM: INFO: ************* TC_SearchCustomerByName_005 Finished ************
31/05/07/20/2020 12:31:34 AM: INFO: ********** Test_003_AddCustomer
31/05/07/20/2020 12:31:45 AM: INFO: ****** Login successful *********
31/05/07/20/2020 12:31:45 AM: INFO: ************* Starting Add Customer test *************
31/05/07/20/2020 12:31:48 AM: INFO: ************* Providing customer info *********
32/05/07/20/2020 12:32:02 AM: INFO: *********** Saving customer info ***********
32/05/07/20/2020 12:32:02 AM: INFO: *********** Add customer validation started ***********
32/05/07/20/2020 12:32:03 AM: INFO: *********** Add customer Test Passed  ***********
32/05/07/20/2020 12:32:07 AM: INFO: *********** Ending Add customer test ***********
32/05/07/20/2020 12:32:12 AM: INFO: ************ SearchCustomerByEmail_004 ********** 
32/05/07/20/2020 12:32:22 AM: INFO: ************ Login successful ********** 
32/05/07/20/2020 12:32:22 AM: INFO: ************ Starting Search Customer By Email ********** 
32/05/07/20/2020 12:32:24 AM: INFO: ************ searching customer by emailID ********** 
32/05/07/20/2020 12:32:30 AM: INFO: ************* TC_SearchCustomerByEmail_004 Finished ************
32/05/07/20/2020 12:32:35 AM: INFO: ************ SearchCustomerByName_005 ********** 
32/05/07/20/2020 12:32:45 AM: INFO: ************ Login successful ********** 
32/05/07/20/2020 12:32:45 AM: INFO: ************ Starting Search Customer By Name ********** 
32/05/07/20/2020 12:32:51 AM: INFO: ************ searching customer by Name ********** 
32/05/07/20/2020 12:32:58 AM: INFO: ************* TC_SearchCustomerByName_005 Finished ************
33/05/07/20/2020 12:33:03 AM: INFO: *************** Test_001_Login ******************
33/05/07/20/2020 12:33:03 AM: INFO: ***** Started Home Page title test ******
33/05/07/20/2020 12:33:03 AM: INFO: ***** Open URL ******
33/05/07/20/2020 12:33:05 AM: INFO: ***** Home page title passed ******
33/05/07/20/2020 12:33:10 AM: INFO: ***** Started Login test ******
33/05/07/20/2020 12:33:16 AM: INFO: ***** Login test passed ******
33/05/07/20/2020 12:33:26 AM: INFO: ***** Starting Test_002_DDT_Login Test ******
33/05/07/20/2020 12:33:26 AM: INFO: ***** Starting Login DDT Test ******
33/05/07/20/2020 12:33:38 AM: INFO: **** Passed ****
33/05/07/20/2020 12:33:44 AM: INFO: *** Passed ***
33/05/07/20/2020 12:33:49 AM: INFO: *** Passed ***
33/05/07/20/2020 12:33:53 AM: INFO: *** Passed ***
33/05/07/20/2020 12:33:53 AM: INFO: **********  DDT Login test passed *********
33/05/07/20/2020 12:33:53 AM: INFO: ****************** End of Login DDT Test ************
33/05/07/20/2020 12:33:53 AM: INFO: *******************  Completed TC_LoginDDT_002 *************** 
36/05/07/20/2020 12:36:25 AM: INFO: ********** Test_003_AddCustomer
36/05/07/20/2020 12:36:35 AM: INFO: ****** Login successful *********
36/05/07/20/2020 12:36:35 AM: INFO: ************* Starting Add Customer test *************
36/05/07/20/2020 12:36:38 AM: INFO: ************* Providing customer info *********
36/05/07/20/2020 12:36:52 AM: INFO: *********** Saving customer info ***********
36/05/07/20/2020 12:36:52 AM: INFO: *********** Add customer validation started ***********
36/05/07/20/2020 12:36:52 AM: INFO: *********** Add customer Test Passed  ***********
36/05/07/20/2020 12:36:53 AM: INFO: *********** Ending Add customer test ***********
36/05/07/20/2020 12:36:58 AM: INFO: ************ SearchCustomerByEmail_004 ********** 
37/05/07/20/2020 12:37:08 AM: INFO: ************ Login successful ********** 
37/05/07/20/2020 12:37:08 AM: INFO: ************ Starting Search Customer By Email ********** 
37/05/07/20/2020 12:37:10 AM: INFO: ************ searching customer by emailID ********** 
37/05/07/20/2020 12:37:16 AM: INFO: ************* TC_SearchCustomerByEmail_004 Finished ************
37/05/07/20/2020 12:37:21 AM: INFO: ************ SearchCustomerByName_005 ********** 
37/05/07/20/2020 12:37:31 AM: INFO: ************ Login successful ********** 
37/05/07/20/2020 12:37:31 AM: INFO: ************ Starting Search Customer By Name ********** 
37/05/07/20/2020 12:37:38 AM: INFO: ************ searching customer by Name ********** 
37/05/07/20/2020 12:37:44 AM: INFO: ************* TC_SearchCustomerByName_005 Finished ************
37/05/07/20/2020 12:37:49 AM: INFO: *************** Test_001_Login ******************
37/05/07/20/2020 12:37:49 AM: INFO: ***** Started Home Page title test ******
37/05/07/20/2020 12:37:49 AM: INFO: ***** Open URL ******
37/05/07/20/2020 12:37:51 AM: INFO: ***** Home page title passed ******
37/05/07/20/2020 12:37:57 AM: INFO: ***** Started Login test ******
38/05/07/20/2020 12:38:02 AM: INFO: ***** Login test passed ******
38/05/07/20/2020 12:38:08 AM: INFO: ***** Starting Test_002_DDT_Login Test ******
38/05/07/20/2020 12:38:08 AM: INFO: ***** Starting Login DDT Test ******
38/05/07/20/2020 12:38:21 AM: INFO: **** Passed ****
38/05/07/20/2020 12:38:26 AM: INFO: *** Passed ***
38/05/07/20/2020 12:38:30 AM: INFO: *** Passed ***
38/05/07/20/2020 12:38:34 AM: INFO: *** Passed ***
38/05/07/20/2020 12:38:34 AM: INFO: **********  DDT Login test passed *********
38/05/07/20/2020 12:38:34 AM: INFO: ****************** End of Login DDT Test ************
38/05/07/20/2020 12:38:34 AM: INFO: *******************  Completed TC_LoginDDT_002 *************** 
57/05/07/20/2020 12:57:57 AM: INFO: ********** Test_003_AddCustomer
58/05/07/20/2020 12:58:08 AM: INFO: ****** Login successful *********
58/05/07/20/2020 12:58:08 AM: INFO: ************* Starting Add Customer test *************
58/05/07/20/2020 12:58:11 AM: INFO: ************* Providing customer info *********
58/05/07/20/2020 12:58:25 AM: INFO: *********** Saving customer info ***********
58/05/07/20/2020 12:58:25 AM: INFO: *********** Add customer validation started ***********
58/05/07/20/2020 12:58:25 AM: INFO: *********** Add customer Test Passed  ***********
58/05/07/20/2020 12:58:26 AM: INFO: *********** Ending Add customer test ***********
58/05/07/20/2020 12:58:31 AM: INFO: ***** Started Login test ******
58/05/07/20/2020 12:58:37 AM: INFO: ***** Login test passed ******
02/05/07/20/2020 01:02:21 AM: INFO: ********** Test_003_AddCustomer
02/05/07/20/2020 01:02:30 AM: INFO: ****** Login successful *********
02/05/07/20/2020 01:02:30 AM: INFO: ************* Starting Add Customer test *************
02/05/07/20/2020 01:02:35 AM: INFO: ************* Providing customer info *********
02/05/07/20/2020 01:02:49 AM: INFO: *********** Saving customer info ***********
02/05/07/20/2020 01:02:49 AM: INFO: *********** Add customer validation started ***********
02/05/07/20/2020 01:02:49 AM: INFO: *********** Add customer Test Passed  ***********
02/05/07/20/2020 01:02:54 AM: INFO: *********** Ending Add customer test ***********
02/05/07/20/2020 01:02:59 AM: INFO: ***** Started Login test ******
03/05/07/20/2020 01:03:05 AM: INFO: ***** Login test passed ******
12/05/07/20/2020 01:12:25 AM: INFO: ********** Test_003_AddCustomer
12/05/07/20/2020 01:12:35 AM: INFO: ****** Login successful *********
12/05/07/20/2020 01:12:35 AM: INFO: ************* Starting Add Customer test *************
12/05/07/20/2020 01:12:38 AM: INFO: ************* Providing customer info *********
12/05/07/20/2020 01:12:52 AM: INFO: *********** Saving customer info ***********
12/05/07/20/2020 01:12:52 AM: INFO: *********** Add customer validation started ***********
12/05/07/20/2020 01:12:52 AM: INFO: *********** Add customer Test Passed  ***********
12/05/07/20/2020 01:12:52 AM: INFO: *********** Ending Add customer test ***********
12/05/07/20/2020 01:12:58 AM: INFO: ***** Started Login test ******
13/05/07/20/2020 01:13:04 AM: INFO: ***** Login test passed ******
13/05/07/20/2020 02:13:51 PM: INFO: ********** Test_003_AddCustomer
14/05/07/20/2020 02:14:00 PM: INFO: ****** Login successful *********
14/05/07/20/2020 02:14:00 PM: INFO: ************* Starting Add Customer test *************
14/05/07/20/2020 02:14:03 PM: INFO: ************* Providing customer info *********
14/05/07/20/2020 02:14:15 PM: INFO: *********** Saving customer info ***********
14/05/07/20/2020 02:14:15 PM: INFO: *********** Add customer validation started ***********
14/05/07/20/2020 02:14:15 PM: INFO: *********** Add customer Test Passed  ***********
14/05/07/20/2020 02:14:19 PM: INFO: *********** Ending Add customer test ***********
14/05/07/20/2020 02:14:24 PM: INFO: ***** Started Login test ******
14/05/07/20/2020 02:14:29 PM: INFO: ***** Login test passed ******
